<?xml version="1.0" encoding="UTF-8"?>
<!-- Generated by org.testng.reporters.JUnitReportReporter -->
<testsuite hostname="Hetals-MacBook-Pro.local" failures="0" tests="1" name="com.hr.testcases.LoginTest" time="3.902" errors="0" timestamp="2024-07-23T21:15:18 BST" skipped="0">
  <testcase classname="com.hr.testcases.LoginTest" name="clickOnSignUpLink" time="3.902"/>
</testsuite> <!-- com.hr.testcases.LoginTest -->
